#-----------------------------------------------------------
# Vivado v2018.2 (64-bit)
# SW Build 2258646 on Thu Jun 14 20:02:38 MDT 2018
# IP Build 2256618 on Thu Jun 14 22:10:49 MDT 2018
# Start of session at: Thu Jan 25 03:02:09 2024
# Process ID: 15146
# Current directory: /home/sirisli/cva6/corev_apu/fpga/src/bootrom
# Command line: vivado
# Log file: /home/sirisli/cva6/corev_apu/fpga/src/bootrom/vivado.log
# Journal file: /home/sirisli/cva6/corev_apu/fpga/src/bootrom/vivado.jou
#-----------------------------------------------------------
start_gui
open_project /home/sirisli/cva6/corev_apu/fpga/ariane.xpr
Scanning sources...
Finished scanning sources
INFO: [IP_Flow 19-234] Refreshing IP repositories
INFO: [IP_Flow 19-1704] No user IP repositories specified
INFO: [IP_Flow 19-2313] Loaded Vivado IP repository '/opt/Xilinx/Vivado/2018.2/data/ip'.
open_project: Time (s): cpu = 00:00:13 ; elapsed = 00:00:06 . Memory (MB): peak = 6578.410 ; gain = 407.473 ; free physical = 21964 ; free virtual = 33816
open_hw
update_compile_order -fileset sources_1
connect_hw_server
INFO: [Labtools 27-2285] Connecting to hw_server url TCP:localhost:3121
INFO: [Labtools 27-2222] Launching hw_server...
INFO: [Labtools 27-2221] Launch Output:

****** Xilinx hw_server v2018.2
  **** Build date : Jun 14 2018-20:18:37
    ** Copyright 1986-2018 Xilinx, Inc. All Rights Reserved.


open_hw_target
INFO: [Labtoolstcl 44-466] Opening hw_target localhost:3121/xilinx_tcf/Digilent/210512180081
set_property PROGRAM.FILE {/home/sirisli/cva6/corev_apu/fpga/ariane.runs/impl_1/ariane_xilinx.bit} [get_hw_devices xczu15_0]
set_property PROBES.FILE {/home/sirisli/cva6/corev_apu/fpga/ariane.runs/impl_1/ariane_xilinx.ltx} [get_hw_devices xczu15_0]
set_property FULL_PROBES.FILE {/home/sirisli/cva6/corev_apu/fpga/ariane.runs/impl_1/ariane_xilinx.ltx} [get_hw_devices xczu15_0]
current_hw_device [get_hw_devices xczu15_0]
refresh_hw_device [lindex [get_hw_devices xczu15_0] 0]
INFO: [Labtools 27-1435] Device xczu15 (JTAG device index = 0) is not programmed (DONE status = 0).
current_hw_device [get_hw_devices arm_dap_1]
refresh_hw_device -update_hw_probes false [lindex [get_hw_devices arm_dap_1] 0]
current_hw_device [get_hw_devices xczu15_0]
set_property PROBES.FILE {/home/sirisli/cva6/corev_apu/fpga/ariane.runs/impl_1/ariane_xilinx.ltx} [get_hw_devices xczu15_0]
set_property FULL_PROBES.FILE {/home/sirisli/cva6/corev_apu/fpga/ariane.runs/impl_1/ariane_xilinx.ltx} [get_hw_devices xczu15_0]
set_property PROGRAM.FILE {/home/sirisli/cva6/corev_apu/fpga/ariane.runs/impl_1/ariane_xilinx.bit} [get_hw_devices xczu15_0]
program_hw_devices [get_hw_devices xczu15_0]
INFO: [Labtools 27-3164] End of startup status: HIGH
program_hw_devices: Time (s): cpu = 00:00:26 ; elapsed = 00:00:25 . Memory (MB): peak = 6906.062 ; gain = 0.000 ; free physical = 21396 ; free virtual = 33249
refresh_hw_device [lindex [get_hw_devices xczu15_0] 0]
INFO: [Labtools 27-2302] Device xczu15 (JTAG device index = 0) is programmed with a design that has 1 ILA core(s).
display_hw_ila_data [ get_hw_ila_data hw_ila_data_1 -of_objects [get_hw_ilas -of_objects [get_hw_devices xczu15_0] -filter {CELL_NAME=~"u_ila_0"}]]
INFO: [Labtools 27-3304] ILA Waveform data saved to file /home/sirisli/cva6/corev_apu/fpga/ariane.hw/backup/hw_ila_data_1.ila. Use Tcl command 'read_hw_ila_data' or Vivado File->Import->Import ILA Data menu item to import the previously saved data.
run_hw_ila [get_hw_ilas -of_objects [get_hw_devices xczu15_0] -filter {CELL_NAME=~"u_ila_0"}]
INFO: [Labtools 27-1964] The ILA core 'hw_ila_1' trigger was armed at 2024-Jan-25 03:03:14
wait_on_hw_ila [get_hw_ilas -of_objects [get_hw_devices xczu15_0] -filter {CELL_NAME=~"u_ila_0"}]
display_hw_ila_data [upload_hw_ila_data [get_hw_ilas -of_objects [get_hw_devices xczu15_0] -filter {CELL_NAME=~"u_ila_0"}]]
INFO: [Labtools 27-1966] The ILA core 'hw_ila_1' triggered at 2024-Jan-25 03:03:14
INFO: [Labtools 27-3304] ILA Waveform data saved to file /home/sirisli/cva6/corev_apu/fpga/ariane.hw/backup/hw_ila_data_1.ila. Use Tcl command 'read_hw_ila_data' or Vivado File->Import->Import ILA Data menu item to import the previously saved data.
run_hw_ila [get_hw_ilas -of_objects [get_hw_devices xczu15_0] -filter {CELL_NAME=~"u_ila_0"}]
INFO: [Labtools 27-1964] The ILA core 'hw_ila_1' trigger was armed at 2024-Jan-25 03:03:52
wait_on_hw_ila [get_hw_ilas -of_objects [get_hw_devices xczu15_0] -filter {CELL_NAME=~"u_ila_0"}]
display_hw_ila_data [upload_hw_ila_data [get_hw_ilas -of_objects [get_hw_devices xczu15_0] -filter {CELL_NAME=~"u_ila_0"}]]
INFO: [Labtools 27-1966] The ILA core 'hw_ila_1' triggered at 2024-Jan-25 03:03:52
INFO: [Labtools 27-3304] ILA Waveform data saved to file /home/sirisli/cva6/corev_apu/fpga/ariane.hw/backup/hw_ila_data_1.ila. Use Tcl command 'read_hw_ila_data' or Vivado File->Import->Import ILA Data menu item to import the previously saved data.
run_hw_ila [get_hw_ilas -of_objects [get_hw_devices xczu15_0] -filter {CELL_NAME=~"u_ila_0"}]
INFO: [Labtools 27-1964] The ILA core 'hw_ila_1' trigger was armed at 2024-Jan-25 03:04:03
wait_on_hw_ila [get_hw_ilas -of_objects [get_hw_devices xczu15_0] -filter {CELL_NAME=~"u_ila_0"}]
display_hw_ila_data [upload_hw_ila_data [get_hw_ilas -of_objects [get_hw_devices xczu15_0] -filter {CELL_NAME=~"u_ila_0"}]]
INFO: [Labtools 27-1966] The ILA core 'hw_ila_1' triggered at 2024-Jan-25 03:04:03
INFO: [Labtools 27-3304] ILA Waveform data saved to file /home/sirisli/cva6/corev_apu/fpga/ariane.hw/backup/hw_ila_data_1.ila. Use Tcl command 'read_hw_ila_data' or Vivado File->Import->Import ILA Data menu item to import the previously saved data.
run_hw_ila [get_hw_ilas -of_objects [get_hw_devices xczu15_0] -filter {CELL_NAME=~"u_ila_0"}]
INFO: [Labtools 27-1964] The ILA core 'hw_ila_1' trigger was armed at 2024-Jan-25 03:04:07
wait_on_hw_ila [get_hw_ilas -of_objects [get_hw_devices xczu15_0] -filter {CELL_NAME=~"u_ila_0"}]
display_hw_ila_data [upload_hw_ila_data [get_hw_ilas -of_objects [get_hw_devices xczu15_0] -filter {CELL_NAME=~"u_ila_0"}]]
INFO: [Labtools 27-1966] The ILA core 'hw_ila_1' triggered at 2024-Jan-25 03:04:07
INFO: [Labtools 27-3304] ILA Waveform data saved to file /home/sirisli/cva6/corev_apu/fpga/ariane.hw/backup/hw_ila_data_1.ila. Use Tcl command 'read_hw_ila_data' or Vivado File->Import->Import ILA Data menu item to import the previously saved data.
run_hw_ila [get_hw_ilas -of_objects [get_hw_devices xczu15_0] -filter {CELL_NAME=~"u_ila_0"}]
INFO: [Labtools 27-1964] The ILA core 'hw_ila_1' trigger was armed at 2024-Jan-25 03:04:08
wait_on_hw_ila [get_hw_ilas -of_objects [get_hw_devices xczu15_0] -filter {CELL_NAME=~"u_ila_0"}]
display_hw_ila_data [upload_hw_ila_data [get_hw_ilas -of_objects [get_hw_devices xczu15_0] -filter {CELL_NAME=~"u_ila_0"}]]
INFO: [Labtools 27-1966] The ILA core 'hw_ila_1' triggered at 2024-Jan-25 03:04:08
INFO: [Labtools 27-3304] ILA Waveform data saved to file /home/sirisli/cva6/corev_apu/fpga/ariane.hw/backup/hw_ila_data_1.ila. Use Tcl command 'read_hw_ila_data' or Vivado File->Import->Import ILA Data menu item to import the previously saved data.
run_hw_ila [get_hw_ilas -of_objects [get_hw_devices xczu15_0] -filter {CELL_NAME=~"u_ila_0"}]
INFO: [Labtools 27-1964] The ILA core 'hw_ila_1' trigger was armed at 2024-Jan-25 03:04:09
wait_on_hw_ila [get_hw_ilas -of_objects [get_hw_devices xczu15_0] -filter {CELL_NAME=~"u_ila_0"}]
display_hw_ila_data [upload_hw_ila_data [get_hw_ilas -of_objects [get_hw_devices xczu15_0] -filter {CELL_NAME=~"u_ila_0"}]]
INFO: [Labtools 27-1966] The ILA core 'hw_ila_1' triggered at 2024-Jan-25 03:04:09
INFO: [Labtools 27-3304] ILA Waveform data saved to file /home/sirisli/cva6/corev_apu/fpga/ariane.hw/backup/hw_ila_data_1.ila. Use Tcl command 'read_hw_ila_data' or Vivado File->Import->Import ILA Data menu item to import the previously saved data.
run_hw_ila [get_hw_ilas -of_objects [get_hw_devices xczu15_0] -filter {CELL_NAME=~"u_ila_0"}]
INFO: [Labtools 27-1964] The ILA core 'hw_ila_1' trigger was armed at 2024-Jan-25 03:04:14
wait_on_hw_ila [get_hw_ilas -of_objects [get_hw_devices xczu15_0] -filter {CELL_NAME=~"u_ila_0"}]
display_hw_ila_data [upload_hw_ila_data [get_hw_ilas -of_objects [get_hw_devices xczu15_0] -filter {CELL_NAME=~"u_ila_0"}]]
INFO: [Labtools 27-1966] The ILA core 'hw_ila_1' triggered at 2024-Jan-25 03:04:14
INFO: [Labtools 27-3304] ILA Waveform data saved to file /home/sirisli/cva6/corev_apu/fpga/ariane.hw/backup/hw_ila_data_1.ila. Use Tcl command 'read_hw_ila_data' or Vivado File->Import->Import ILA Data menu item to import the previously saved data.
set_property TRIGGER_COMPARE_VALUE eq1'b0 [get_hw_probes clk -of_objects [get_hw_ilas -of_objects [get_hw_devices xczu15_0] -filter {CELL_NAME=~"u_ila_0"}]]
run_hw_ila [get_hw_ilas -of_objects [get_hw_devices xczu15_0] -filter {CELL_NAME=~"u_ila_0"}]
INFO: [Labtools 27-1964] The ILA core 'hw_ila_1' trigger was armed at 2024-Jan-25 03:04:28
wait_on_hw_ila [get_hw_ilas -of_objects [get_hw_devices xczu15_0] -filter {CELL_NAME=~"u_ila_0"}]
display_hw_ila_data [upload_hw_ila_data [get_hw_ilas -of_objects [get_hw_devices xczu15_0] -filter {CELL_NAME=~"u_ila_0"}]]
INFO: [Labtools 27-1966] The ILA core 'hw_ila_1' triggered at 2024-Jan-25 03:04:28
INFO: [Labtools 27-3304] ILA Waveform data saved to file /home/sirisli/cva6/corev_apu/fpga/ariane.hw/backup/hw_ila_data_1.ila. Use Tcl command 'read_hw_ila_data' or Vivado File->Import->Import ILA Data menu item to import the previously saved data.
run_hw_ila [get_hw_ilas -of_objects [get_hw_devices xczu15_0] -filter {CELL_NAME=~"u_ila_0"}]
INFO: [Labtools 27-1964] The ILA core 'hw_ila_1' trigger was armed at 2024-Jan-25 03:04:44
wait_on_hw_ila [get_hw_ilas -of_objects [get_hw_devices xczu15_0] -filter {CELL_NAME=~"u_ila_0"}]
display_hw_ila_data [upload_hw_ila_data [get_hw_ilas -of_objects [get_hw_devices xczu15_0] -filter {CELL_NAME=~"u_ila_0"}]]
INFO: [Labtools 27-1966] The ILA core 'hw_ila_1' triggered at 2024-Jan-25 03:04:45
INFO: [Labtools 27-3304] ILA Waveform data saved to file /home/sirisli/cva6/corev_apu/fpga/ariane.hw/backup/hw_ila_data_1.ila. Use Tcl command 'read_hw_ila_data' or Vivado File->Import->Import ILA Data menu item to import the previously saved data.
run_hw_ila [get_hw_ilas -of_objects [get_hw_devices xczu15_0] -filter {CELL_NAME=~"u_ila_0"}]
INFO: [Labtools 27-1964] The ILA core 'hw_ila_1' trigger was armed at 2024-Jan-25 03:05:06
wait_on_hw_ila [get_hw_ilas -of_objects [get_hw_devices xczu15_0] -filter {CELL_NAME=~"u_ila_0"}]
display_hw_ila_data [upload_hw_ila_data [get_hw_ilas -of_objects [get_hw_devices xczu15_0] -filter {CELL_NAME=~"u_ila_0"}]]
INFO: [Labtools 27-1966] The ILA core 'hw_ila_1' triggered at 2024-Jan-25 03:05:06
INFO: [Labtools 27-3304] ILA Waveform data saved to file /home/sirisli/cva6/corev_apu/fpga/ariane.hw/backup/hw_ila_data_1.ila. Use Tcl command 'read_hw_ila_data' or Vivado File->Import->Import ILA Data menu item to import the previously saved data.
run_hw_ila [get_hw_ilas -of_objects [get_hw_devices xczu15_0] -filter {CELL_NAME=~"u_ila_0"}]
INFO: [Labtools 27-1964] The ILA core 'hw_ila_1' trigger was armed at 2024-Jan-25 03:05:09
wait_on_hw_ila [get_hw_ilas -of_objects [get_hw_devices xczu15_0] -filter {CELL_NAME=~"u_ila_0"}]
display_hw_ila_data [upload_hw_ila_data [get_hw_ilas -of_objects [get_hw_devices xczu15_0] -filter {CELL_NAME=~"u_ila_0"}]]
INFO: [Labtools 27-1966] The ILA core 'hw_ila_1' triggered at 2024-Jan-25 03:05:09
INFO: [Labtools 27-3304] ILA Waveform data saved to file /home/sirisli/cva6/corev_apu/fpga/ariane.hw/backup/hw_ila_data_1.ila. Use Tcl command 'read_hw_ila_data' or Vivado File->Import->Import ILA Data menu item to import the previously saved data.
run_hw_ila [get_hw_ilas -of_objects [get_hw_devices xczu15_0] -filter {CELL_NAME=~"u_ila_0"}]
INFO: [Labtools 27-1964] The ILA core 'hw_ila_1' trigger was armed at 2024-Jan-25 03:05:13
wait_on_hw_ila [get_hw_ilas -of_objects [get_hw_devices xczu15_0] -filter {CELL_NAME=~"u_ila_0"}]
display_hw_ila_data [upload_hw_ila_data [get_hw_ilas -of_objects [get_hw_devices xczu15_0] -filter {CELL_NAME=~"u_ila_0"}]]
INFO: [Labtools 27-1966] The ILA core 'hw_ila_1' triggered at 2024-Jan-25 03:05:13
INFO: [Labtools 27-3304] ILA Waveform data saved to file /home/sirisli/cva6/corev_apu/fpga/ariane.hw/backup/hw_ila_data_1.ila. Use Tcl command 'read_hw_ila_data' or Vivado File->Import->Import ILA Data menu item to import the previously saved data.
run_hw_ila [get_hw_ilas -of_objects [get_hw_devices xczu15_0] -filter {CELL_NAME=~"u_ila_0"}]
INFO: [Labtools 27-1964] The ILA core 'hw_ila_1' trigger was armed at 2024-Jan-25 03:05:16
wait_on_hw_ila [get_hw_ilas -of_objects [get_hw_devices xczu15_0] -filter {CELL_NAME=~"u_ila_0"}]
display_hw_ila_data [upload_hw_ila_data [get_hw_ilas -of_objects [get_hw_devices xczu15_0] -filter {CELL_NAME=~"u_ila_0"}]]
INFO: [Labtools 27-1966] The ILA core 'hw_ila_1' triggered at 2024-Jan-25 03:05:16
INFO: [Labtools 27-3304] ILA Waveform data saved to file /home/sirisli/cva6/corev_apu/fpga/ariane.hw/backup/hw_ila_data_1.ila. Use Tcl command 'read_hw_ila_data' or Vivado File->Import->Import ILA Data menu item to import the previously saved data.
run_hw_ila [get_hw_ilas -of_objects [get_hw_devices xczu15_0] -filter {CELL_NAME=~"u_ila_0"}]
INFO: [Labtools 27-1964] The ILA core 'hw_ila_1' trigger was armed at 2024-Jan-25 03:05:20
wait_on_hw_ila [get_hw_ilas -of_objects [get_hw_devices xczu15_0] -filter {CELL_NAME=~"u_ila_0"}]
display_hw_ila_data [upload_hw_ila_data [get_hw_ilas -of_objects [get_hw_devices xczu15_0] -filter {CELL_NAME=~"u_ila_0"}]]
INFO: [Labtools 27-1966] The ILA core 'hw_ila_1' triggered at 2024-Jan-25 03:05:20
INFO: [Labtools 27-3304] ILA Waveform data saved to file /home/sirisli/cva6/corev_apu/fpga/ariane.hw/backup/hw_ila_data_1.ila. Use Tcl command 'read_hw_ila_data' or Vivado File->Import->Import ILA Data menu item to import the previously saved data.
run_hw_ila [get_hw_ilas -of_objects [get_hw_devices xczu15_0] -filter {CELL_NAME=~"u_ila_0"}]
INFO: [Labtools 27-1964] The ILA core 'hw_ila_1' trigger was armed at 2024-Jan-25 03:05:23
wait_on_hw_ila [get_hw_ilas -of_objects [get_hw_devices xczu15_0] -filter {CELL_NAME=~"u_ila_0"}]
display_hw_ila_data [upload_hw_ila_data [get_hw_ilas -of_objects [get_hw_devices xczu15_0] -filter {CELL_NAME=~"u_ila_0"}]]
INFO: [Labtools 27-1966] The ILA core 'hw_ila_1' triggered at 2024-Jan-25 03:05:23
INFO: [Labtools 27-3304] ILA Waveform data saved to file /home/sirisli/cva6/corev_apu/fpga/ariane.hw/backup/hw_ila_data_1.ila. Use Tcl command 'read_hw_ila_data' or Vivado File->Import->Import ILA Data menu item to import the previously saved data.
run_hw_ila [get_hw_ilas -of_objects [get_hw_devices xczu15_0] -filter {CELL_NAME=~"u_ila_0"}]
INFO: [Labtools 27-1964] The ILA core 'hw_ila_1' trigger was armed at 2024-Jan-25 03:05:27
wait_on_hw_ila [get_hw_ilas -of_objects [get_hw_devices xczu15_0] -filter {CELL_NAME=~"u_ila_0"}]
display_hw_ila_data [upload_hw_ila_data [get_hw_ilas -of_objects [get_hw_devices xczu15_0] -filter {CELL_NAME=~"u_ila_0"}]]
INFO: [Labtools 27-1966] The ILA core 'hw_ila_1' triggered at 2024-Jan-25 03:05:27
INFO: [Labtools 27-3304] ILA Waveform data saved to file /home/sirisli/cva6/corev_apu/fpga/ariane.hw/backup/hw_ila_data_1.ila. Use Tcl command 'read_hw_ila_data' or Vivado File->Import->Import ILA Data menu item to import the previously saved data.
run_hw_ila [get_hw_ilas -of_objects [get_hw_devices xczu15_0] -filter {CELL_NAME=~"u_ila_0"}]
INFO: [Labtools 27-1964] The ILA core 'hw_ila_1' trigger was armed at 2024-Jan-25 03:05:30
wait_on_hw_ila [get_hw_ilas -of_objects [get_hw_devices xczu15_0] -filter {CELL_NAME=~"u_ila_0"}]
display_hw_ila_data [upload_hw_ila_data [get_hw_ilas -of_objects [get_hw_devices xczu15_0] -filter {CELL_NAME=~"u_ila_0"}]]
INFO: [Labtools 27-1966] The ILA core 'hw_ila_1' triggered at 2024-Jan-25 03:05:30
INFO: [Labtools 27-3304] ILA Waveform data saved to file /home/sirisli/cva6/corev_apu/fpga/ariane.hw/backup/hw_ila_data_1.ila. Use Tcl command 'read_hw_ila_data' or Vivado File->Import->Import ILA Data menu item to import the previously saved data.
run_hw_ila [get_hw_ilas -of_objects [get_hw_devices xczu15_0] -filter {CELL_NAME=~"u_ila_0"}]
INFO: [Labtools 27-1964] The ILA core 'hw_ila_1' trigger was armed at 2024-Jan-25 03:05:33
wait_on_hw_ila [get_hw_ilas -of_objects [get_hw_devices xczu15_0] -filter {CELL_NAME=~"u_ila_0"}]
display_hw_ila_data [upload_hw_ila_data [get_hw_ilas -of_objects [get_hw_devices xczu15_0] -filter {CELL_NAME=~"u_ila_0"}]]
INFO: [Labtools 27-1966] The ILA core 'hw_ila_1' triggered at 2024-Jan-25 03:05:33
INFO: [Labtools 27-3304] ILA Waveform data saved to file /home/sirisli/cva6/corev_apu/fpga/ariane.hw/backup/hw_ila_data_1.ila. Use Tcl command 'read_hw_ila_data' or Vivado File->Import->Import ILA Data menu item to import the previously saved data.
run_hw_ila [get_hw_ilas -of_objects [get_hw_devices xczu15_0] -filter {CELL_NAME=~"u_ila_0"}]
INFO: [Labtools 27-1964] The ILA core 'hw_ila_1' trigger was armed at 2024-Jan-25 03:05:37
wait_on_hw_ila [get_hw_ilas -of_objects [get_hw_devices xczu15_0] -filter {CELL_NAME=~"u_ila_0"}]
display_hw_ila_data [upload_hw_ila_data [get_hw_ilas -of_objects [get_hw_devices xczu15_0] -filter {CELL_NAME=~"u_ila_0"}]]
INFO: [Labtools 27-1966] The ILA core 'hw_ila_1' triggered at 2024-Jan-25 03:05:37
INFO: [Labtools 27-3304] ILA Waveform data saved to file /home/sirisli/cva6/corev_apu/fpga/ariane.hw/backup/hw_ila_data_1.ila. Use Tcl command 'read_hw_ila_data' or Vivado File->Import->Import ILA Data menu item to import the previously saved data.
run_hw_ila [get_hw_ilas -of_objects [get_hw_devices xczu15_0] -filter {CELL_NAME=~"u_ila_0"}]
INFO: [Labtools 27-1964] The ILA core 'hw_ila_1' trigger was armed at 2024-Jan-25 03:05:40
wait_on_hw_ila [get_hw_ilas -of_objects [get_hw_devices xczu15_0] -filter {CELL_NAME=~"u_ila_0"}]
display_hw_ila_data [upload_hw_ila_data [get_hw_ilas -of_objects [get_hw_devices xczu15_0] -filter {CELL_NAME=~"u_ila_0"}]]
INFO: [Labtools 27-1966] The ILA core 'hw_ila_1' triggered at 2024-Jan-25 03:05:40
INFO: [Labtools 27-3304] ILA Waveform data saved to file /home/sirisli/cva6/corev_apu/fpga/ariane.hw/backup/hw_ila_data_1.ila. Use Tcl command 'read_hw_ila_data' or Vivado File->Import->Import ILA Data menu item to import the previously saved data.
run_hw_ila [get_hw_ilas -of_objects [get_hw_devices xczu15_0] -filter {CELL_NAME=~"u_ila_0"}]
INFO: [Labtools 27-1964] The ILA core 'hw_ila_1' trigger was armed at 2024-Jan-25 03:05:44
wait_on_hw_ila [get_hw_ilas -of_objects [get_hw_devices xczu15_0] -filter {CELL_NAME=~"u_ila_0"}]
display_hw_ila_data [upload_hw_ila_data [get_hw_ilas -of_objects [get_hw_devices xczu15_0] -filter {CELL_NAME=~"u_ila_0"}]]
INFO: [Labtools 27-1966] The ILA core 'hw_ila_1' triggered at 2024-Jan-25 03:05:44
INFO: [Labtools 27-3304] ILA Waveform data saved to file /home/sirisli/cva6/corev_apu/fpga/ariane.hw/backup/hw_ila_data_1.ila. Use Tcl command 'read_hw_ila_data' or Vivado File->Import->Import ILA Data menu item to import the previously saved data.
run_hw_ila [get_hw_ilas -of_objects [get_hw_devices xczu15_0] -filter {CELL_NAME=~"u_ila_0"}]
INFO: [Labtools 27-1964] The ILA core 'hw_ila_1' trigger was armed at 2024-Jan-25 03:05:47
wait_on_hw_ila [get_hw_ilas -of_objects [get_hw_devices xczu15_0] -filter {CELL_NAME=~"u_ila_0"}]
display_hw_ila_data [upload_hw_ila_data [get_hw_ilas -of_objects [get_hw_devices xczu15_0] -filter {CELL_NAME=~"u_ila_0"}]]
INFO: [Labtools 27-1966] The ILA core 'hw_ila_1' triggered at 2024-Jan-25 03:05:47
INFO: [Labtools 27-3304] ILA Waveform data saved to file /home/sirisli/cva6/corev_apu/fpga/ariane.hw/backup/hw_ila_data_1.ila. Use Tcl command 'read_hw_ila_data' or Vivado File->Import->Import ILA Data menu item to import the previously saved data.
run_hw_ila [get_hw_ilas -of_objects [get_hw_devices xczu15_0] -filter {CELL_NAME=~"u_ila_0"}]
INFO: [Labtools 27-1964] The ILA core 'hw_ila_1' trigger was armed at 2024-Jan-25 03:05:50
wait_on_hw_ila [get_hw_ilas -of_objects [get_hw_devices xczu15_0] -filter {CELL_NAME=~"u_ila_0"}]
display_hw_ila_data [upload_hw_ila_data [get_hw_ilas -of_objects [get_hw_devices xczu15_0] -filter {CELL_NAME=~"u_ila_0"}]]
INFO: [Labtools 27-1966] The ILA core 'hw_ila_1' triggered at 2024-Jan-25 03:05:50
INFO: [Labtools 27-3304] ILA Waveform data saved to file /home/sirisli/cva6/corev_apu/fpga/ariane.hw/backup/hw_ila_data_1.ila. Use Tcl command 'read_hw_ila_data' or Vivado File->Import->Import ILA Data menu item to import the previously saved data.
run_hw_ila [get_hw_ilas -of_objects [get_hw_devices xczu15_0] -filter {CELL_NAME=~"u_ila_0"}]
INFO: [Labtools 27-1964] The ILA core 'hw_ila_1' trigger was armed at 2024-Jan-25 03:05:54
wait_on_hw_ila [get_hw_ilas -of_objects [get_hw_devices xczu15_0] -filter {CELL_NAME=~"u_ila_0"}]
display_hw_ila_data [upload_hw_ila_data [get_hw_ilas -of_objects [get_hw_devices xczu15_0] -filter {CELL_NAME=~"u_ila_0"}]]
INFO: [Labtools 27-1966] The ILA core 'hw_ila_1' triggered at 2024-Jan-25 03:05:54
INFO: [Labtools 27-3304] ILA Waveform data saved to file /home/sirisli/cva6/corev_apu/fpga/ariane.hw/backup/hw_ila_data_1.ila. Use Tcl command 'read_hw_ila_data' or Vivado File->Import->Import ILA Data menu item to import the previously saved data.
run_hw_ila [get_hw_ilas -of_objects [get_hw_devices xczu15_0] -filter {CELL_NAME=~"u_ila_0"}]
INFO: [Labtools 27-1964] The ILA core 'hw_ila_1' trigger was armed at 2024-Jan-25 03:05:57
wait_on_hw_ila [get_hw_ilas -of_objects [get_hw_devices xczu15_0] -filter {CELL_NAME=~"u_ila_0"}]
display_hw_ila_data [upload_hw_ila_data [get_hw_ilas -of_objects [get_hw_devices xczu15_0] -filter {CELL_NAME=~"u_ila_0"}]]
INFO: [Labtools 27-1966] The ILA core 'hw_ila_1' triggered at 2024-Jan-25 03:05:57
INFO: [Labtools 27-3304] ILA Waveform data saved to file /home/sirisli/cva6/corev_apu/fpga/ariane.hw/backup/hw_ila_data_1.ila. Use Tcl command 'read_hw_ila_data' or Vivado File->Import->Import ILA Data menu item to import the previously saved data.
run_hw_ila [get_hw_ilas -of_objects [get_hw_devices xczu15_0] -filter {CELL_NAME=~"u_ila_0"}]
INFO: [Labtools 27-1964] The ILA core 'hw_ila_1' trigger was armed at 2024-Jan-25 03:06:01
wait_on_hw_ila [get_hw_ilas -of_objects [get_hw_devices xczu15_0] -filter {CELL_NAME=~"u_ila_0"}]
display_hw_ila_data [upload_hw_ila_data [get_hw_ilas -of_objects [get_hw_devices xczu15_0] -filter {CELL_NAME=~"u_ila_0"}]]
INFO: [Labtools 27-1966] The ILA core 'hw_ila_1' triggered at 2024-Jan-25 03:06:01
INFO: [Labtools 27-3304] ILA Waveform data saved to file /home/sirisli/cva6/corev_apu/fpga/ariane.hw/backup/hw_ila_data_1.ila. Use Tcl command 'read_hw_ila_data' or Vivado File->Import->Import ILA Data menu item to import the previously saved data.
run_hw_ila [get_hw_ilas -of_objects [get_hw_devices xczu15_0] -filter {CELL_NAME=~"u_ila_0"}]
INFO: [Labtools 27-1964] The ILA core 'hw_ila_1' trigger was armed at 2024-Jan-25 03:06:04
wait_on_hw_ila [get_hw_ilas -of_objects [get_hw_devices xczu15_0] -filter {CELL_NAME=~"u_ila_0"}]
display_hw_ila_data [upload_hw_ila_data [get_hw_ilas -of_objects [get_hw_devices xczu15_0] -filter {CELL_NAME=~"u_ila_0"}]]
INFO: [Labtools 27-1966] The ILA core 'hw_ila_1' triggered at 2024-Jan-25 03:06:04
INFO: [Labtools 27-3304] ILA Waveform data saved to file /home/sirisli/cva6/corev_apu/fpga/ariane.hw/backup/hw_ila_data_1.ila. Use Tcl command 'read_hw_ila_data' or Vivado File->Import->Import ILA Data menu item to import the previously saved data.
run_hw_ila [get_hw_ilas -of_objects [get_hw_devices xczu15_0] -filter {CELL_NAME=~"u_ila_0"}]
INFO: [Labtools 27-1964] The ILA core 'hw_ila_1' trigger was armed at 2024-Jan-25 03:06:08
wait_on_hw_ila [get_hw_ilas -of_objects [get_hw_devices xczu15_0] -filter {CELL_NAME=~"u_ila_0"}]
display_hw_ila_data [upload_hw_ila_data [get_hw_ilas -of_objects [get_hw_devices xczu15_0] -filter {CELL_NAME=~"u_ila_0"}]]
INFO: [Labtools 27-1966] The ILA core 'hw_ila_1' triggered at 2024-Jan-25 03:06:08
INFO: [Labtools 27-3304] ILA Waveform data saved to file /home/sirisli/cva6/corev_apu/fpga/ariane.hw/backup/hw_ila_data_1.ila. Use Tcl command 'read_hw_ila_data' or Vivado File->Import->Import ILA Data menu item to import the previously saved data.
run_hw_ila [get_hw_ilas -of_objects [get_hw_devices xczu15_0] -filter {CELL_NAME=~"u_ila_0"}]
INFO: [Labtools 27-1964] The ILA core 'hw_ila_1' trigger was armed at 2024-Jan-25 03:06:11
wait_on_hw_ila [get_hw_ilas -of_objects [get_hw_devices xczu15_0] -filter {CELL_NAME=~"u_ila_0"}]
display_hw_ila_data [upload_hw_ila_data [get_hw_ilas -of_objects [get_hw_devices xczu15_0] -filter {CELL_NAME=~"u_ila_0"}]]
INFO: [Labtools 27-1966] The ILA core 'hw_ila_1' triggered at 2024-Jan-25 03:06:11
INFO: [Labtools 27-3304] ILA Waveform data saved to file /home/sirisli/cva6/corev_apu/fpga/ariane.hw/backup/hw_ila_data_1.ila. Use Tcl command 'read_hw_ila_data' or Vivado File->Import->Import ILA Data menu item to import the previously saved data.
run_hw_ila [get_hw_ilas -of_objects [get_hw_devices xczu15_0] -filter {CELL_NAME=~"u_ila_0"}]
INFO: [Labtools 27-1964] The ILA core 'hw_ila_1' trigger was armed at 2024-Jan-25 03:06:14
wait_on_hw_ila [get_hw_ilas -of_objects [get_hw_devices xczu15_0] -filter {CELL_NAME=~"u_ila_0"}]
display_hw_ila_data [upload_hw_ila_data [get_hw_ilas -of_objects [get_hw_devices xczu15_0] -filter {CELL_NAME=~"u_ila_0"}]]
INFO: [Labtools 27-1966] The ILA core 'hw_ila_1' triggered at 2024-Jan-25 03:06:14
INFO: [Labtools 27-3304] ILA Waveform data saved to file /home/sirisli/cva6/corev_apu/fpga/ariane.hw/backup/hw_ila_data_1.ila. Use Tcl command 'read_hw_ila_data' or Vivado File->Import->Import ILA Data menu item to import the previously saved data.
run_hw_ila [get_hw_ilas -of_objects [get_hw_devices xczu15_0] -filter {CELL_NAME=~"u_ila_0"}]
INFO: [Labtools 27-1964] The ILA core 'hw_ila_1' trigger was armed at 2024-Jan-25 03:06:18
wait_on_hw_ila [get_hw_ilas -of_objects [get_hw_devices xczu15_0] -filter {CELL_NAME=~"u_ila_0"}]
display_hw_ila_data [upload_hw_ila_data [get_hw_ilas -of_objects [get_hw_devices xczu15_0] -filter {CELL_NAME=~"u_ila_0"}]]
INFO: [Labtools 27-1966] The ILA core 'hw_ila_1' triggered at 2024-Jan-25 03:06:18
INFO: [Labtools 27-3304] ILA Waveform data saved to file /home/sirisli/cva6/corev_apu/fpga/ariane.hw/backup/hw_ila_data_1.ila. Use Tcl command 'read_hw_ila_data' or Vivado File->Import->Import ILA Data menu item to import the previously saved data.
save_wave_config {/home/sirisli/cva6/corev_apu/fpga/ariane.hw/hw_1/wave/hw_ila_data_1/hw_ila_data_1.wcfg}
exit
INFO: [Common 17-206] Exiting Vivado at Thu Jan 25 03:06:28 2024...
